0 info it worked if it ends with ok
1 verbose cli [ '/usr/local/bin/node', '/usr/local/bin/npm', 'publish' ]
2 info using npm@2.14.4
3 info using node@v4.1.1
4 verbose publish [ '.' ]
5 silly cache add args [ '.', null ]
6 verbose cache add spec .
7 silly cache add parsed spec Result {
7 silly cache add   raw: '.',
7 silly cache add   scope: null,
7 silly cache add   name: null,
7 silly cache add   rawSpec: '.',
7 silly cache add   spec: '/Users/Miguel/Projects/node-vantage/node-vantage',
7 silly cache add   type: 'directory' }
8 verbose addLocalDirectory /Users/Miguel/.npm/node-vantage/0.0.2/package.tgz not in flight; packing
9 verbose tar pack [ '/Users/Miguel/.npm/node-vantage/0.0.2/package.tgz',
9 verbose tar pack   '/Users/Miguel/Projects/node-vantage/node-vantage' ]
10 verbose tarball /Users/Miguel/.npm/node-vantage/0.0.2/package.tgz
11 verbose folder /Users/Miguel/Projects/node-vantage/node-vantage
12 info prepublish node-vantage@0.0.2
13 verbose addLocalTarball adding from inside cache /Users/Miguel/.npm/node-vantage/0.0.2/package.tgz
14 silly cache afterAdd node-vantage@0.0.2
15 verbose afterAdd /Users/Miguel/.npm/node-vantage/0.0.2/package/package.json not in flight; writing
16 verbose afterAdd /Users/Miguel/.npm/node-vantage/0.0.2/package/package.json written
17 silly publish { name: 'node-vantage',
17 silly publish   version: '0.0.2',
17 silly publish   description: 'A simple Davis Vantage serial driver for Node.js',
17 silly publish   main: 'driver.js',
17 silly publish   author: { name: 'Miguel Pérez' },
17 silly publish   license: 'MIT',
17 silly publish   dependencies: { serialport: '2.0.*' },
17 silly publish   tags: [ 'davis', 'vantage', 'driver' ],
17 silly publish   repository: { type: 'git', url: 'git://github.com/Kamugo/node-vantage.git' },
17 silly publish   bugs: { url: 'https://github.com/Kamugo/node-vantage/issues' },
17 silly publish   readme: '# node-vantage\n\n**node-vantage** is a dead simple Davis Vantage driver for Node.js.\n\n## How to use\n```js\nvar Driver = require("node-vantage");\nvar driver = new Driver();\n\ndriver.on("connect", function(error) {\n\tif (!error) {\n        console.log("Connected to the Vantage");\n        driver.on("loop", function(loop) {\n            console.log(loop);\n        });\n\t} else {\n        console.log("Failed connecting to the Vantage: " + error);\n\t}\n});\n```\n\n## TODO\n- Custom settings\n- Multiple unit systems\n- Push commands (reset, alarms...)',
17 silly publish   readmeFilename: 'README.md',
17 silly publish   gitHead: 'd23a8e7ff8eb9aa614a5750e3feb4fdb877a252d',
17 silly publish   homepage: 'https://github.com/Kamugo/node-vantage#readme',
17 silly publish   _id: 'node-vantage@0.0.2',
17 silly publish   scripts: {},
17 silly publish   _shasum: '78c9b994f40a425699787e5df660de3c457bc46a',
17 silly publish   _from: '.' }
18 verbose getPublishConfig undefined
19 silly mapToRegistry name node-vantage
20 silly mapToRegistry using default registry
21 silly mapToRegistry registry https://registry.npmjs.org/
22 silly mapToRegistry uri https://registry.npmjs.org/node-vantage
23 verbose publish registryBase https://registry.npmjs.org/
24 silly publish uploading /Users/Miguel/.npm/node-vantage/0.0.2/package.tgz
25 verbose request uri https://registry.npmjs.org/node-vantage
26 verbose request sending authorization for write operation
27 info attempt registry request try #1 at 8:18:56 PM
28 verbose request using bearer token for auth
29 verbose request id 4d04cd73ec6a7096
30 http request PUT https://registry.npmjs.org/node-vantage
31 http 403 https://registry.npmjs.org/node-vantage
32 verbose headers { 'content-type': 'application/json',
32 verbose headers   'cache-control': 'max-age=60',
32 verbose headers   'content-length': '95',
32 verbose headers   'accept-ranges': 'bytes',
32 verbose headers   date: 'Sun, 08 Nov 2015 19:18:57 GMT',
32 verbose headers   via: '1.1 varnish',
32 verbose headers   connection: 'keep-alive',
32 verbose headers   'x-served-by': 'cache-lhr6322-LHR',
32 verbose headers   'x-cache': 'MISS',
32 verbose headers   'x-cache-hits': '0',
32 verbose headers   'x-timer': 'S1447010336.809012,VS0,VE978' }
33 verbose request invalidating /Users/Miguel/.npm/registry.npmjs.org/node-vantage on PUT
34 error publish Failed PUT 403
35 verbose stack Error: "You cannot publish over the previously published version 0.0.2." : node-vantage
35 verbose stack     at makeError (/usr/local/lib/node_modules/npm/node_modules/npm-registry-client/lib/request.js:263:12)
35 verbose stack     at CachingRegistryClient.<anonymous> (/usr/local/lib/node_modules/npm/node_modules/npm-registry-client/lib/request.js:251:14)
35 verbose stack     at Request._callback (/usr/local/lib/node_modules/npm/node_modules/npm-registry-client/lib/request.js:171:14)
35 verbose stack     at Request.self.callback (/usr/local/lib/node_modules/npm/node_modules/request/request.js:198:22)
35 verbose stack     at emitTwo (events.js:87:13)
35 verbose stack     at Request.emit (events.js:172:7)
35 verbose stack     at Request.<anonymous> (/usr/local/lib/node_modules/npm/node_modules/request/request.js:1073:14)
35 verbose stack     at emitOne (events.js:82:20)
35 verbose stack     at Request.emit (events.js:169:7)
35 verbose stack     at IncomingMessage.<anonymous> (/usr/local/lib/node_modules/npm/node_modules/request/request.js:1019:12)
36 verbose statusCode 403
37 verbose pkgid node-vantage
38 verbose cwd /Users/Miguel/Projects/node-vantage/node-vantage
39 error Darwin 15.0.0
40 error argv "/usr/local/bin/node" "/usr/local/bin/npm" "publish"
41 error node v4.1.1
42 error npm  v2.14.4
43 error code E403
44 error "You cannot publish over the previously published version 0.0.2." : node-vantage
45 error If you need help, you may report this error at:
45 error     <https://github.com/npm/npm/issues>
46 verbose exit [ 1, true ]
